11:16:51,835 (main) INFO  [uniandes.isis2304.EPSAndes.interfazApp.InterfazEPSAndesApp] - Se encontró un archivo de configuración válido: Interfaz
11:16:51,836 (main) INFO  [uniandes.isis2304.EPSAndes.interfazApp.InterfazEPSAndesApp] - Se aplica configuración indicada en el archivo de configuración
11:16:51,909 (main) INFO  [uniandes.isis2304.EPSAndes.interfazApp.InterfazEPSAndesApp] - Se encontró un archivo de configuración válido: Tablas BD
11:16:57,350 (AWT-EventQueue-0) INFO  [uniandes.isis2304.EPSAndes.negocio.EPSAndes] - Generando los VO de rol usuario
11:17:33,314 (AWT-EventQueue-0) INFO  [uniandes.isis2304.EPSAndes.negocio.EPSAndes] - Generando los VO de Usuarios
11:20:05,131 (main) INFO  [uniandes.isis2304.EPSAndes.interfazApp.InterfazEPSAndesApp] - Se encontró un archivo de configuración válido: Interfaz
11:20:05,143 (main) INFO  [uniandes.isis2304.EPSAndes.interfazApp.InterfazEPSAndesApp] - Se aplica configuración indicada en el archivo de configuración
11:20:05,269 (main) INFO  [uniandes.isis2304.EPSAndes.interfazApp.InterfazEPSAndesApp] - Se encontró un archivo de configuración válido: Tablas BD
11:20:40,084 (AWT-EventQueue-0) INFO  [uniandes.isis2304.EPSAndes.negocio.EPSAndes] - Generando los VO de Usuarios
11:23:23,396 (main) INFO  [uniandes.isis2304.EPSAndes.interfazApp.InterfazEPSAndesApp] - Se encontró un archivo de configuración válido: Interfaz
11:23:23,397 (main) INFO  [uniandes.isis2304.EPSAndes.interfazApp.InterfazEPSAndesApp] - Se aplica configuración indicada en el archivo de configuración
11:23:23,439 (main) INFO  [uniandes.isis2304.EPSAndes.interfazApp.InterfazEPSAndesApp] - Se encontró un archivo de configuración válido: Tablas BD
11:23:29,682 (AWT-EventQueue-0) INFO  [uniandes.isis2304.EPSAndes.negocio.EPSAndes] - Generando los VO de Usuarios
11:32:15,889 (main) INFO  [uniandes.isis2304.EPSAndes.interfazApp.InterfazEPSAndesApp] - Se encontró un archivo de configuración válido: Interfaz
11:32:15,913 (main) INFO  [uniandes.isis2304.EPSAndes.interfazApp.InterfazEPSAndesApp] - Se aplica configuración indicada en el archivo de configuración
11:32:16,095 (main) INFO  [uniandes.isis2304.EPSAndes.interfazApp.InterfazEPSAndesApp] - Se encontró un archivo de configuración válido: Tablas BD
11:32:28,320 (AWT-EventQueue-0) INFO  [uniandes.isis2304.EPSAndes.negocio.EPSAndes] - Generando los VO de Usuarios
12:08:46,126 (main) INFO  [uniandes.isis2304.EPSAndes.interfazApp.InterfazEPSAndesApp] - Se encontró un archivo de configuración válido: Interfaz
12:08:46,155 (main) INFO  [uniandes.isis2304.EPSAndes.interfazApp.InterfazEPSAndesApp] - Se aplica configuración indicada en el archivo de configuración
12:08:46,315 (main) INFO  [uniandes.isis2304.EPSAndes.interfazApp.InterfazEPSAndesApp] - Se encontró un archivo de configuración válido: Tablas BD
12:09:04,684 (AWT-EventQueue-0) INFO  [uniandes.isis2304.EPSAndes.negocio.EPSAndes] - Generando los VO de Usuarios
12:12:25,580 (main) INFO  [uniandes.isis2304.EPSAndes.interfazApp.InterfazEPSAndesApp] - Se encontró un archivo de configuración válido: Interfaz
12:12:25,599 (main) INFO  [uniandes.isis2304.EPSAndes.interfazApp.InterfazEPSAndesApp] - Se aplica configuración indicada en el archivo de configuración
12:12:25,748 (main) INFO  [uniandes.isis2304.EPSAndes.interfazApp.InterfazEPSAndesApp] - Se encontró un archivo de configuración válido: Tablas BD
12:12:35,450 (AWT-EventQueue-0) INFO  [uniandes.isis2304.EPSAndes.negocio.EPSAndes] - Generando los VO de Usuarios
13:24:32,287 (main) INFO  [uniandes.isis2304.EPSAndes.interfazApp.InterfazEPSAndesApp] - Se encontró un archivo de configuración válido: Interfaz
13:24:32,304 (main) INFO  [uniandes.isis2304.EPSAndes.interfazApp.InterfazEPSAndesApp] - Se aplica configuración indicada en el archivo de configuración
13:24:32,425 (main) INFO  [uniandes.isis2304.EPSAndes.interfazApp.InterfazEPSAndesApp] - Se encontró un archivo de configuración válido: Tablas BD
13:25:08,395 (AWT-EventQueue-0) INFO  [uniandes.isis2304.EPSAndes.negocio.EPSAndes] - Adicionando IPS: IPS 1
13:25:09,422 (AWT-EventQueue-0) INFO  [uniandes.isis2304.EPSAndes.negocio.EPSAndes] - Adicionando IPS: uniandes.isis2304.EPSAndes.negocio.IPS@3d461cf2
13:25:15,501 (AWT-EventQueue-0) INFO  [uniandes.isis2304.EPSAndes.negocio.EPSAndes] - Generando los VO de IPS
16:47:22,671 (main) INFO  [uniandes.isis2304.EPSAndes.interfazApp.InterfazEPSAndesApp] - Se encontró un archivo de configuración válido: Interfaz
16:47:22,672 (main) INFO  [uniandes.isis2304.EPSAndes.interfazApp.InterfazEPSAndesApp] - Se aplica configuración indicada en el archivo de configuración
16:47:22,703 (main) INFO  [uniandes.isis2304.EPSAndes.interfazApp.InterfazEPSAndesApp] - Se encontró un archivo de configuración válido: Tablas BD
16:47:27,498 (AWT-EventQueue-0) INFO  [uniandes.isis2304.EPSAndes.negocio.EPSAndes] - Generando los VO de rol usuario
18:03:58,628 (main) INFO  [uniandes.isis2304.EPSAndes.interfazApp.InterfazEPSAndesApp] - Se encontró un archivo de configuración válido: Interfaz
18:03:58,630 (main) INFO  [uniandes.isis2304.EPSAndes.interfazApp.InterfazEPSAndesApp] - Se aplica configuración indicada en el archivo de configuración
18:03:58,653 (main) INFO  [uniandes.isis2304.EPSAndes.interfazApp.InterfazEPSAndesApp] - Se encontró un archivo de configuración válido: Tablas BD
18:04:02,002 (AWT-EventQueue-0) INFO  [uniandes.isis2304.EPSAndes.negocio.EPSAndes] - Generando los VO de rol usuario
18:11:47,720 (main) INFO  [uniandes.isis2304.EPSAndes.interfazApp.InterfazEPSAndesApp] - Se encontró un archivo de configuración válido: Interfaz
18:11:47,720 (main) INFO  [uniandes.isis2304.EPSAndes.interfazApp.InterfazEPSAndesApp] - Se aplica configuración indicada en el archivo de configuración
18:11:47,741 (main) INFO  [uniandes.isis2304.EPSAndes.interfazApp.InterfazEPSAndesApp] - Se encontró un archivo de configuración válido: Tablas BD
18:11:50,306 (AWT-EventQueue-0) INFO  [uniandes.isis2304.EPSAndes.negocio.EPSAndes] - Generando los VO de rol usuario
18:11:50,396 (AWT-EventQueue-0) INFO  [uniandes.isis2304.EPSAndes.negocio.EPSAndes] - Generando los VO de Rol Usuario: 5 existentes
18:15:20,658 (main) INFO  [uniandes.isis2304.EPSAndes.interfazApp.InterfazEPSAndesApp] - Se encontró un archivo de configuración válido: Interfaz
18:15:20,658 (main) INFO  [uniandes.isis2304.EPSAndes.interfazApp.InterfazEPSAndesApp] - Se aplica configuración indicada en el archivo de configuración
18:15:20,680 (main) INFO  [uniandes.isis2304.EPSAndes.interfazApp.InterfazEPSAndesApp] - Se encontró un archivo de configuración válido: Tablas BD
18:17:20,867 (AWT-EventQueue-0) INFO  [uniandes.isis2304.EPSAndes.negocio.EPSAndes] - Generando los VO de rol usuario
18:17:20,950 (AWT-EventQueue-0) INFO  [uniandes.isis2304.EPSAndes.negocio.EPSAndes] - Generando los VO de Rol Usuario: 5 existentes
21:06:55,653 (main) INFO  [uniandes.isis2304.EPSAndes.interfazApp.InterfazEPSAndesApp] - Se encontró un archivo de configuración válido: Interfaz
21:06:55,654 (main) INFO  [uniandes.isis2304.EPSAndes.interfazApp.InterfazEPSAndesApp] - Se aplica configuración indicada en el archivo de configuración
21:06:55,673 (main) INFO  [uniandes.isis2304.EPSAndes.interfazApp.InterfazEPSAndesApp] - Se encontró un archivo de configuración válido: Tablas BD
21:12:44,573 (main) INFO  [uniandes.isis2304.EPSAndes.interfazApp.InterfazEPSAndesApp] - Se encontró un archivo de configuración válido: Interfaz
21:12:44,574 (main) INFO  [uniandes.isis2304.EPSAndes.interfazApp.InterfazEPSAndesApp] - Se aplica configuración indicada en el archivo de configuración
21:12:44,597 (main) INFO  [uniandes.isis2304.EPSAndes.interfazApp.InterfazEPSAndesApp] - Se encontró un archivo de configuración válido: Tablas BD
21:18:35,607 (main) INFO  [uniandes.isis2304.EPSAndes.interfazApp.InterfazEPSAndesApp] - Se encontró un archivo de configuración válido: Interfaz
21:18:35,609 (main) INFO  [uniandes.isis2304.EPSAndes.interfazApp.InterfazEPSAndesApp] - Se aplica configuración indicada en el archivo de configuración
21:18:35,627 (main) INFO  [uniandes.isis2304.EPSAndes.interfazApp.InterfazEPSAndesApp] - Se encontró un archivo de configuración válido: Tablas BD
21:18:40,822 (AWT-EventQueue-0) INFO  [uniandes.isis2304.EPSAndes.negocio.EPSAndes] - Generando los VO de Orden De Servicio
21:18:41,132 (AWT-EventQueue-0) INFO  [uniandes.isis2304.EPSAndes.negocio.EPSAndes] - Generando los VO de Orden De Servicio: 1 existentes
21:19:35,787 (main) INFO  [uniandes.isis2304.EPSAndes.interfazApp.InterfazEPSAndesApp] - Se encontró un archivo de configuración válido: Interfaz
21:19:35,788 (main) INFO  [uniandes.isis2304.EPSAndes.interfazApp.InterfazEPSAndesApp] - Se aplica configuración indicada en el archivo de configuración
21:19:35,804 (main) INFO  [uniandes.isis2304.EPSAndes.interfazApp.InterfazEPSAndesApp] - Se encontró un archivo de configuración válido: Tablas BD
21:20:27,532 (main) INFO  [uniandes.isis2304.EPSAndes.interfazApp.InterfazEPSAndesApp] - Se encontró un archivo de configuración válido: Interfaz
21:20:27,533 (main) INFO  [uniandes.isis2304.EPSAndes.interfazApp.InterfazEPSAndesApp] - Se aplica configuración indicada en el archivo de configuración
21:20:27,551 (main) INFO  [uniandes.isis2304.EPSAndes.interfazApp.InterfazEPSAndesApp] - Se encontró un archivo de configuración válido: Tablas BD
21:22:40,861 (AWT-EventQueue-0) INFO  [uniandes.isis2304.EPSAndes.negocio.EPSAndes] - Adicionando OrdenDeServicio: numdocMedico-52554896, numdocAfiliado- 147589623
21:22:42,112 (AWT-EventQueue-0) INFO  [uniandes.isis2304.EPSAndes.negocio.EPSAndes] - Adicionando OrdenDeServicio: idServicio=2, Documento Afiliado=147589623, numero documento Medico=52554896]
21:25:38,201 (main) INFO  [uniandes.isis2304.EPSAndes.interfazApp.InterfazEPSAndesApp] - Se encontró un archivo de configuración válido: Interfaz
21:25:38,202 (main) INFO  [uniandes.isis2304.EPSAndes.interfazApp.InterfazEPSAndesApp] - Se aplica configuración indicada en el archivo de configuración
21:25:38,214 (main) INFO  [uniandes.isis2304.EPSAndes.interfazApp.InterfazEPSAndesApp] - Se encontró un archivo de configuración válido: Tablas BD
21:28:35,461 (main) INFO  [uniandes.isis2304.EPSAndes.interfazApp.InterfazEPSAndesApp] - Se encontró un archivo de configuración válido: Interfaz
21:28:35,462 (main) INFO  [uniandes.isis2304.EPSAndes.interfazApp.InterfazEPSAndesApp] - Se aplica configuración indicada en el archivo de configuración
21:28:35,475 (main) INFO  [uniandes.isis2304.EPSAndes.interfazApp.InterfazEPSAndesApp] - Se encontró un archivo de configuración válido: Tablas BD
21:29:32,735 (AWT-EventQueue-0) INFO  [uniandes.isis2304.EPSAndes.negocio.EPSAndes] - Adicionando ReservaServicio: numdocAf-147589623, idServicio- 2
21:29:33,554 (AWT-EventQueue-0) ERROR [uniandes.isis2304.EPSAndes.persistencia.PersistenciaEPSAndes] - Exception : Error executing SQL query "INSERT INTO RESERVASERVICIO(numDoc, id_Servicio, id_IPS, fechaHora) values (?, ?, ?, ?)".
ORA-02291: integrity constraint (ISIS2304B191920.FK_RESERVASERVICIO_IDIPS) violated - parent key not found

21:29:33,695 (AWT-EventQueue-0) INFO  [uniandes.isis2304.EPSAndes.negocio.EPSAndes] - Adicionando ReservaServicio: null
21:33:06,283 (AWT-EventQueue-0) INFO  [uniandes.isis2304.EPSAndes.negocio.EPSAndes] - Adicionando ReservaServicio: numdocAf-489567123, idServicio- 2
21:33:06,422 (AWT-EventQueue-0) ERROR [uniandes.isis2304.EPSAndes.persistencia.PersistenciaEPSAndes] - Exception : Error executing SQL query "INSERT INTO RESERVASERVICIO(numDoc, id_Servicio, id_IPS, fechaHora) values (?, ?, ?, ?)".
ORA-02291: integrity constraint (ISIS2304B191920.FK_RESERVASERVICIO_IDIPS) violated - parent key not found

21:33:06,528 (AWT-EventQueue-0) INFO  [uniandes.isis2304.EPSAndes.negocio.EPSAndes] - Adicionando ReservaServicio: null
21:35:09,755 (AWT-EventQueue-0) INFO  [uniandes.isis2304.EPSAndes.negocio.EPSAndes] - Adicionando ReservaServicio: numdocAf-489567123, idServicio- 2
21:35:09,913 (AWT-EventQueue-0) ERROR [uniandes.isis2304.EPSAndes.persistencia.PersistenciaEPSAndes] - Exception : Error executing SQL query "INSERT INTO RESERVASERVICIO(numDoc, id_Servicio, id_IPS, fechaHora) values (?, ?, ?, ?)".
ORA-02291: integrity constraint (ISIS2304B191920.FK_RESERVASERVICIO_IDIPS) violated - parent key not found

21:35:10,056 (AWT-EventQueue-0) INFO  [uniandes.isis2304.EPSAndes.negocio.EPSAndes] - Adicionando ReservaServicio: null
21:37:23,980 (main) INFO  [uniandes.isis2304.EPSAndes.interfazApp.InterfazEPSAndesApp] - Se encontró un archivo de configuración válido: Interfaz
21:37:23,981 (main) INFO  [uniandes.isis2304.EPSAndes.interfazApp.InterfazEPSAndesApp] - Se aplica configuración indicada en el archivo de configuración
21:37:23,995 (main) INFO  [uniandes.isis2304.EPSAndes.interfazApp.InterfazEPSAndesApp] - Se encontró un archivo de configuración válido: Tablas BD
21:38:04,089 (AWT-EventQueue-0) INFO  [uniandes.isis2304.EPSAndes.negocio.EPSAndes] - Adicionando ReservaServicio: numdocAf-489567123, idServicio- 1
21:38:04,947 (AWT-EventQueue-0) ERROR [uniandes.isis2304.EPSAndes.persistencia.PersistenciaEPSAndes] - Exception : Error executing SQL query "INSERT INTO RESERVASERVICIO (numDoc, id_Servicio, id_IPS, fechaHora) values (?, ?, ?, ?)".
ORA-02291: integrity constraint (ISIS2304B191920.FK_RESERVASERVICIO_IDIPS) violated - parent key not found

21:38:05,097 (AWT-EventQueue-0) INFO  [uniandes.isis2304.EPSAndes.negocio.EPSAndes] - Adicionando ReservaServicio: null
21:40:02,950 (main) INFO  [uniandes.isis2304.EPSAndes.interfazApp.InterfazEPSAndesApp] - Se encontró un archivo de configuración válido: Interfaz
21:40:02,951 (main) INFO  [uniandes.isis2304.EPSAndes.interfazApp.InterfazEPSAndesApp] - Se aplica configuración indicada en el archivo de configuración
21:40:02,966 (main) INFO  [uniandes.isis2304.EPSAndes.interfazApp.InterfazEPSAndesApp] - Se encontró un archivo de configuración válido: Tablas BD
21:40:30,630 (AWT-EventQueue-0) INFO  [uniandes.isis2304.EPSAndes.negocio.EPSAndes] - Adicionando ReservaServicio: numdocAf-489567123, idServicio- 1
21:40:31,453 (AWT-EventQueue-0) ERROR [uniandes.isis2304.EPSAndes.persistencia.PersistenciaEPSAndes] - Exception : Error executing SQL query "INSERT INTO RESERVASERVICIO (numDoc, id_Servicio, id_IPS, fechaHora) values (?, ?, ?, ?)".
ORA-02291: integrity constraint (ISIS2304B191920.FK_RESERVASERVICIO_IDIPS) violated - parent key not found

21:40:31,589 (AWT-EventQueue-0) INFO  [uniandes.isis2304.EPSAndes.negocio.EPSAndes] - Adicionando ReservaServicio: null
21:41:07,766 (main) INFO  [uniandes.isis2304.EPSAndes.interfazApp.InterfazEPSAndesApp] - Se encontró un archivo de configuración válido: Interfaz
21:41:07,766 (main) INFO  [uniandes.isis2304.EPSAndes.interfazApp.InterfazEPSAndesApp] - Se aplica configuración indicada en el archivo de configuración
21:41:07,782 (main) INFO  [uniandes.isis2304.EPSAndes.interfazApp.InterfazEPSAndesApp] - Se encontró un archivo de configuración válido: Tablas BD
21:41:26,843 (AWT-EventQueue-0) INFO  [uniandes.isis2304.EPSAndes.negocio.EPSAndes] - Adicionando ReservaServicio: numdocAf-489567123, idServicio- 1
21:41:29,229 (AWT-EventQueue-0) INFO  [uniandes.isis2304.EPSAndes.negocio.EPSAndes] - Adicionando ReservaServicio: numero Documento Afiliado =489567123, IdIPS =2, IdServicio =1]
21:42:07,728 (main) INFO  [uniandes.isis2304.EPSAndes.interfazApp.InterfazEPSAndesApp] - Se encontró un archivo de configuración válido: Interfaz
21:42:07,728 (main) INFO  [uniandes.isis2304.EPSAndes.interfazApp.InterfazEPSAndesApp] - Se aplica configuración indicada en el archivo de configuración
21:42:07,740 (main) INFO  [uniandes.isis2304.EPSAndes.interfazApp.InterfazEPSAndesApp] - Se encontró un archivo de configuración válido: Tablas BD
21:42:41,805 (main) INFO  [uniandes.isis2304.EPSAndes.interfazApp.InterfazEPSAndesApp] - Se encontró un archivo de configuración válido: Interfaz
21:42:41,806 (main) INFO  [uniandes.isis2304.EPSAndes.interfazApp.InterfazEPSAndesApp] - Se aplica configuración indicada en el archivo de configuración
21:42:41,831 (main) INFO  [uniandes.isis2304.EPSAndes.interfazApp.InterfazEPSAndesApp] - Se encontró un archivo de configuración válido: Tablas BD
21:44:57,099 (AWT-EventQueue-0) INFO  [uniandes.isis2304.EPSAndes.negocio.EPSAndes] - Adicionando PrestacionServicio: numdocAf-489567123, idServicio- 2
21:44:57,172 (AWT-EventQueue-0) ERROR [uniandes.isis2304.EPSAndes.persistencia.PersistenciaEPSAndes] - Exception : SQL query has parameter "5" yet not found in the query : INSERT INTO PRESTACIONSERVICIO(numDoc, id_Servicio, id_IPS, fechaHora, id_Recepcionista) values (?, ?, ?, ?, ?)

21:44:57,175 (AWT-EventQueue-0) INFO  [uniandes.isis2304.EPSAndes.negocio.EPSAndes] - Adicionando PrestacionServicio: null
21:46:56,689 (main) INFO  [uniandes.isis2304.EPSAndes.interfazApp.InterfazEPSAndesApp] - Se encontró un archivo de configuración válido: Interfaz
21:46:56,690 (main) INFO  [uniandes.isis2304.EPSAndes.interfazApp.InterfazEPSAndesApp] - Se aplica configuración indicada en el archivo de configuración
21:46:56,706 (main) INFO  [uniandes.isis2304.EPSAndes.interfazApp.InterfazEPSAndesApp] - Se encontró un archivo de configuración válido: Tablas BD
21:47:37,547 (AWT-EventQueue-0) INFO  [uniandes.isis2304.EPSAndes.negocio.EPSAndes] - Adicionando PrestacionServicio: numdocAf-489567123, idServicio- 1
21:47:38,343 (AWT-EventQueue-0) ERROR [uniandes.isis2304.EPSAndes.persistencia.PersistenciaEPSAndes] - Exception : Error executing SQL query "INSERT INTO PRESTACIONSERVICIO(numDoc, id_Servicio, id_IPS, fechaHora, id_Recepcionista) values (?, ?, ?, ?, ?)".
ORA-02291: integrity constraint (ISIS2304B191920.FK_PRESTACIONSERVICIO_IDRECEP) violated - parent key not found

21:47:38,448 (AWT-EventQueue-0) INFO  [uniandes.isis2304.EPSAndes.negocio.EPSAndes] - Adicionando PrestacionServicio: null
21:48:42,898 (main) INFO  [uniandes.isis2304.EPSAndes.interfazApp.InterfazEPSAndesApp] - Se encontró un archivo de configuración válido: Interfaz
21:48:42,899 (main) INFO  [uniandes.isis2304.EPSAndes.interfazApp.InterfazEPSAndesApp] - Se aplica configuración indicada en el archivo de configuración
21:48:42,914 (main) INFO  [uniandes.isis2304.EPSAndes.interfazApp.InterfazEPSAndesApp] - Se encontró un archivo de configuración válido: Tablas BD
21:49:12,195 (AWT-EventQueue-0) INFO  [uniandes.isis2304.EPSAndes.negocio.EPSAndes] - Adicionando PrestacionServicio: numdocAf-489567123, idServicio- 1
21:49:13,073 (AWT-EventQueue-0) INFO  [uniandes.isis2304.EPSAndes.negocio.EPSAndes] - Adicionando PrestacionServicio: idIPS=1, Documento Afiliado=489567123, idRecepcionista=456123789, idServicio=1]
21:49:15,628 (AWT-EventQueue-0) INFO  [uniandes.isis2304.EPSAndes.negocio.EPSAndes] - Generando los VO de Prestacion de Servicios
21:53:46,968 (main) INFO  [uniandes.isis2304.EPSAndes.interfazApp.InterfazEPSAndesApp] - Se encontró un archivo de configuración válido: Interfaz
21:53:46,969 (main) INFO  [uniandes.isis2304.EPSAndes.interfazApp.InterfazEPSAndesApp] - Se aplica configuración indicada en el archivo de configuración
21:53:46,982 (main) INFO  [uniandes.isis2304.EPSAndes.interfazApp.InterfazEPSAndesApp] - Se encontró un archivo de configuración válido: Tablas BD
21:55:00,699 (AWT-EventQueue-0) INFO  [uniandes.isis2304.EPSAndes.negocio.EPSAndes] - Generando los VO de Prestacion de Servicios
21:57:03,586 (main) INFO  [uniandes.isis2304.EPSAndes.interfazApp.InterfazEPSAndesApp] - Se encontró un archivo de configuración válido: Interfaz
21:57:03,587 (main) INFO  [uniandes.isis2304.EPSAndes.interfazApp.InterfazEPSAndesApp] - Se aplica configuración indicada en el archivo de configuración
21:57:03,602 (main) INFO  [uniandes.isis2304.EPSAndes.interfazApp.InterfazEPSAndesApp] - Se encontró un archivo de configuración válido: Tablas BD
21:57:08,792 (AWT-EventQueue-0) INFO  [uniandes.isis2304.EPSAndes.negocio.EPSAndes] - Generando los VO de Prestacion de Servicios
21:57:09,093 (AWT-EventQueue-0) INFO  [uniandes.isis2304.EPSAndes.negocio.EPSAndes] - Generando los VO de Prestacion de Servicios: 2 existentes
